m:\c1\serverlocktoolsps\serverlocktoolsps\debug\serverlocktoolsps.pch
m:\c1\serverlocktoolsps\serverlocktoolsps\debug\vc120.pdb
m:\c1\serverlocktoolsps\serverlocktoolsps\debug\vc120.idb
m:\c1\serverlocktoolsps\serverlocktoolsps\debug\stdafx.obj
m:\c1\serverlocktoolsps\serverlocktoolsps\debug\serverlocktoolsps.obj
m:\c1\serverlocktoolsps\serverlocktoolsps\debug\serverlocktoolspsdlg.obj
m:\c1\serverlocktoolsps\debug\serverlocktoolsps.ilk
m:\c1\serverlocktoolsps\debug\serverlocktoolsps.exe
m:\c1\serverlocktoolsps\debug\serverlocktoolsps.pdb
m:\c1\serverlocktoolsps\serverlocktoolsps\debug\serverlocktoolsps.res
m:\study computer\c1\serverlocktoolsps\serverlocktoolsps\debug\serverlocktoolsps.obj
m:\study computer\c1\serverlocktoolsps\serverlocktoolsps\debug\serverlocktoolspsdlg.obj
m:\study computer\c1\serverlocktoolsps\serverlocktoolsps\debug\stdafx.obj
m:\study computer\c1\serverlocktoolsps\serverlocktoolsps\debug\serverlocktoolsps.res
m:\study computer\c1\serverlocktoolsps\serverlocktoolsps\debug\serverlocktoolsps.pch
m:\study computer\c1\serverlocktoolsps\serverlocktoolsps\debug\vc120.idb
m:\study computer\c1\serverlocktoolsps\serverlocktoolsps\debug\vc120.pdb
m:\study computer\c1\serverlocktoolsps\debug\serverlocktoolsps.pdb
m:\study computer\c1\serverlocktoolsps\debug\serverlocktoolsps.exe
m:\study computer\c1\serverlocktoolsps\debug\serverlocktoolsps.ilk
m:\study computer\c1\serverlocktoolsps\serverlocktoolsps\debug\serverlo.c796f227.tlog\cl.command.1.tlog
m:\study computer\c1\serverlocktoolsps\serverlocktoolsps\debug\serverlo.c796f227.tlog\cl.read.1.tlog
m:\study computer\c1\serverlocktoolsps\serverlocktoolsps\debug\serverlo.c796f227.tlog\cl.write.1.tlog
m:\study computer\c1\serverlocktoolsps\serverlocktoolsps\debug\serverlo.c796f227.tlog\link.command.1.tlog
m:\study computer\c1\serverlocktoolsps\serverlocktoolsps\debug\serverlo.c796f227.tlog\link.read.1.tlog
m:\study computer\c1\serverlocktoolsps\serverlocktoolsps\debug\serverlo.c796f227.tlog\link.write.1.tlog
m:\study computer\c1\serverlocktoolsps\serverlocktoolsps\debug\serverlo.c796f227.tlog\rc.command.1.tlog
m:\study computer\c1\serverlocktoolsps\serverlocktoolsps\debug\serverlo.c796f227.tlog\rc.read.1.tlog
m:\study computer\c1\serverlocktoolsps\serverlocktoolsps\debug\serverlo.c796f227.tlog\rc.write.1.tlog
